Hyperparameter settingNamespace(model_name='GAFSEG', data='cifar100', CommunicationEpoch=150, p_threshold=0.6, localEpoch=1, lrf=0.0001, num_workers=8, num_classes=100, num_clients=5, global_name='resnet18', global_optim='adamw', client_optim='adamw', clients_model=['resnet50', 'resnet50', 'resnet50', 'resnet50', 'resnet50'], batch_size=64, seed=42, base_lr=0.001, shape=384, train_val_test=(0.8, 0.1, 0.1), device='0', ver='v1', log_path='./log', img_path='data', split_path='./data_split', task='classification', attack='none', num_byzantine=0, datasets=['cifar100'], log_dir="./log/GAFSEG/GAFSEG/GAFSEG-cifar100--v1-0.001resnet18['resnet50', 'resnet50', 'resnet50', 'resnet50', 'resnet50']/logs", model_dir="./log/GAFSEG/GAFSEG/GAFSEG-cifar100--v1-0.001resnet18['resnet50', 'resnet50', 'resnet50', 'resnet50', 'resnet50']/models")
Files already downloaded and verified
Files already downloaded and verified
Client 0: 10193 samples
Client 1: 8409 samples
Client 2: 7885 samples
Client 3: 9561 samples
Client 4: 13952 samples

 Starting FedAvg Training with 5 clients

========== Round [1/150] ==========

 Client 1/5
logits shape: torch.Size([64, 100])
label range: 0 93
loss = 4.856432914733887
loss = 4.489776611328125
loss = 4.175051689147949
loss = 3.7460315227508545
loss = 3.633183479309082
loss = 3.61617374420166
loss = 3.6837317943573
loss = 3.6789915561676025
loss = 3.491739273071289
loss = 3.73176908493042
Client 0 Train Acc=0.1030

 Client 2/5
logits shape: torch.Size([64, 100])
label range: 1 99
loss = 4.978536605834961
loss = 4.323367118835449
loss = 4.09853458404541
loss = 4.033929347991943
loss = 3.540742874145508
loss = 3.6698975563049316
loss = 3.458423614501953
loss = 3.213832378387451
loss = 3.60563325881958
loss = 3.9188759326934814
Client 1 Train Acc=0.1533

 Client 3/5
logits shape: torch.Size([64, 100])
label range: 2 99
loss = 4.97817850112915
loss = 4.46927547454834
loss = 3.76668119430542
loss = 3.5964560508728027
loss = 3.667236328125
loss = 3.599836587905884
loss = 4.113795757293701
loss = 3.6196107864379883
loss = 3.545728921890259
loss = 3.5988521575927734
Client 2 Train Acc=0.0944

 Client 4/5
logits shape: torch.Size([64, 100])
label range: 0 97
loss = 4.754504203796387
loss = 4.300353050231934
loss = 3.9887373447418213
loss = 3.971666097640991
loss = 4.037503242492676
loss = 3.6683623790740967
loss = 3.547245502471924
loss = 3.7690916061401367
loss = 3.6396968364715576
loss = 3.9099395275115967
Client 3 Train Acc=0.0984

 Client 5/5
logits shape: torch.Size([64, 100])
label range: 1 98
loss = 4.817107677459717
loss = 4.579003810882568
loss = 4.258764743804932
loss = 4.440313816070557
loss = 4.102475643157959
loss = 4.153759956359863
loss = 4.310122013092041
loss = 3.7707419395446777
loss = 3.906477212905884
loss = 3.583920478820801
Client 4 Train Acc=0.1346
tensor(504.1707, device='cuda:0')
0.79338201054473
tensor(416.2412, device='cuda:0')
0.9609812519502312
tensor(393.0974, device='cuda:0')
1.0
tensor(472.3172, device='cuda:0')
0.8468885445905809
tensor(686.0358, device='cuda:0')
0.5830599794840031
Client 0 trust score: 0.9941
Client 1 trust score: 0.9914
Client 2 trust score: 0.9923
Client 3 trust score: 0.9941
Client 4 trust score: 0.9956
Round 1 Test Accuracy=0.0102

========== Round [2/150] ==========

 Client 1/5
logits shape: torch.Size([64, 100])
label range: 10 93
loss = 4.436854362487793
loss = 3.879772186279297
loss = 3.4488086700439453
loss = 3.854832649230957
loss = 3.4498605728149414
loss = 3.0940239429473877
loss = 3.3409600257873535
loss = 3.0210397243499756
loss = 3.8598389625549316
loss = 3.1839635372161865
Client 0 Train Acc=0.1210

 Client 2/5
logits shape: torch.Size([64, 100])
label range: 1 94
loss = 4.5971999168396
loss = 3.838339328765869
loss = 3.580749034881592
loss = 3.5048294067382812
loss = 3.6301000118255615
loss = 3.0588016510009766
loss = 3.1528730392456055
loss = 3.2116081714630127
loss = 3.129452705383301
loss = 3.489029884338379
Client 1 Train Acc=0.2242

 Client 3/5
logits shape: torch.Size([64, 100])
label range: 2 99
loss = 4.477669715881348
loss = 3.8084638118743896
loss = 3.5649237632751465
loss = 3.6587069034576416
loss = 3.162557601928711
loss = 3.0549676418304443
loss = 3.6010262966156006
loss = 3.064575433731079
loss = 3.004490613937378
loss = 2.9043233394622803
Client 2 Train Acc=0.1946

 Client 4/5
logits shape: torch.Size([64, 100])
label range: 0 97
loss = 4.697523593902588
loss = 3.966686725616455
loss = 3.6878116130828857
loss = 3.434952735900879
loss = 3.7471811771392822
loss = 3.4927773475646973
loss = 3.5252771377563477
loss = 3.4707205295562744
loss = 3.730628252029419
loss = 3.3824048042297363
Client 3 Train Acc=0.1432

 Client 5/5
logits shape: torch.Size([64, 100])
label range: 1 98
loss = 4.669795036315918
loss = 4.464876174926758
loss = 4.17324686050415
loss = 3.652081251144409
loss = 3.455934524536133
loss = 3.5288538932800293
loss = 3.3068583011627197
loss = 3.978970766067505
loss = 3.4900801181793213
loss = 3.453923225402832
Client 4 Train Acc=0.1512
tensor(535.8918, device='cuda:0')
0.7464192694986302
tensor(418.4016, device='cuda:0')
0.9560191930305804
tensor(386.4673, device='cuda:0')
1.0
tensor(493.2799, device='cuda:0')
0.8108986781878867
tensor(774.5511, device='cuda:0')
0.5164281698265077
Client 0 trust score: 0.9924
Client 1 trust score: 0.9914
Client 2 trust score: 0.9912
Client 3 trust score: 0.9933
Client 4 trust score: 0.9960
Round 2 Test Accuracy=0.0126

========== Round [3/150] ==========

 Client 1/5
logits shape: torch.Size([64, 100])
label range: 0 98
loss = 4.066492080688477
loss = 3.6726579666137695
loss = 4.0454020500183105
loss = 3.6999282836914062
loss = 3.6291754245758057
loss = 3.1634745597839355
loss = 3.167475461959839
loss = 3.0166945457458496
loss = 3.41391658782959
loss = 3.2085464000701904
Client 0 Train Acc=0.2368

 Client 2/5
logits shape: torch.Size([64, 100])
label range: 5 99
loss = 4.1951799392700195
loss = 3.74489426612854
loss = 3.5255331993103027
loss = 3.1759274005889893
loss = 3.1430246829986572
loss = 2.7613978385925293
loss = 2.8034613132476807
loss = 2.943787097930908
loss = 2.999199151992798
loss = 3.3922033309936523
Client 1 Train Acc=0.2727

 Client 3/5
logits shape: torch.Size([64, 100])
label range: 2 99
loss = 3.997403621673584
loss = 3.7477493286132812
loss = 3.377384662628174
loss = 3.0622403621673584
loss = 2.534792184829712
loss = 2.772742986679077
loss = 3.143545389175415
loss = 3.1429128646850586
loss = 3.312089681625366
loss = 2.7378413677215576
Client 2 Train Acc=0.2619

 Client 4/5
logits shape: torch.Size([64, 100])
label range: 0 97
loss = 4.737856864929199
loss = 4.266669273376465
loss = 3.5525882244110107
loss = 3.6787917613983154
loss = 3.229273796081543
loss = 3.10257625579834
loss = 3.3660528659820557
loss = 3.542151927947998
loss = 3.0071539878845215
loss = 3.0914411544799805
Client 3 Train Acc=0.2310

 Client 5/5
logits shape: torch.Size([64, 100])
label range: 1 98
loss = 4.967846870422363
loss = 4.2909040451049805
loss = 3.8955564498901367
loss = 3.9902889728546143
loss = 3.7038393020629883
loss = 3.494004011154175
loss = 3.3313069343566895
loss = 3.795491933822632
loss = 3.449536085128784
loss = 3.5203306674957275
Client 4 Train Acc=0.2312
tensor(549.7030, device='cuda:0')
0.7276656628546074
tensor(426.7084, device='cuda:0')
0.9374083668159475
tensor(388.1709, device='cuda:0')
1.0
tensor(502.3653, device='cuda:0')
0.7962332974739174
tensor(806.7638, device='cuda:0')
0.49580807046865816
Client 0 trust score: 0.9890
Client 1 trust score: 0.9871
Client 2 trust score: 0.9861
Client 3 trust score: 0.9893
Client 4 trust score: 0.9940
Round 3 Test Accuracy=0.0163

========== Round [4/150] ==========

 Client 1/5
logits shape: torch.Size([64, 100])
label range: 0 93
loss = 4.191540241241455
loss = 3.497354507446289
loss = 3.5855560302734375
loss = 3.483994722366333
loss = 3.588632345199585
loss = 3.5751473903656006
loss = 3.362663507461548
loss = 3.3175790309906006
loss = 2.7164862155914307
loss = 2.9492435455322266
Client 0 Train Acc=0.2732

 Client 2/5
logits shape: torch.Size([64, 100])
label range: 5 94
loss = 3.876913547515869
loss = 3.4685616493225098
loss = 3.2869861125946045
loss = 3.2695510387420654
loss = 3.2490177154541016
loss = 3.34181809425354
loss = 3.0277793407440186
loss = 3.280564308166504
loss = 3.418612480163574
loss = 3.229069471359253
Client 1 Train Acc=0.2860

 Client 3/5
logits shape: torch.Size([64, 100])
label range: 2 99
loss = 4.226820945739746
loss = 3.524604558944702
loss = 2.7660529613494873
loss = 2.8535079956054688
loss = 3.0888829231262207
loss = 2.7027854919433594
loss = 2.8584957122802734
loss = 2.493138551712036
loss = 2.996530055999756
loss = 2.6511645317077637
Client 2 Train Acc=0.3271

 Client 4/5
logits shape: torch.Size([64, 100])
label range: 0 97
loss = 4.4732232093811035
loss = 4.458306789398193
loss = 3.5525946617126465
loss = 3.5837082862854004
loss = 3.1939470767974854
loss = 3.0530202388763428
loss = 3.350419521331787
loss = 3.4873361587524414
loss = 3.4068682193756104
loss = 3.4462430477142334
Client 3 Train Acc=0.2663

 Client 5/5
logits shape: torch.Size([64, 100])
label range: 1 96
loss = 4.885476589202881
loss = 4.513025283813477
loss = 4.293227672576904
loss = 3.696467161178589
loss = 3.4191830158233643
loss = 3.22994327545166
loss = 3.1963608264923096
loss = 3.2687888145446777
loss = 2.901660919189453
loss = 2.9998247623443604
Client 4 Train Acc=0.2681
tensor(560.7355, device='cuda:0')
0.7133488406013208
tensor(432.2280, device='cuda:0')
0.9254375073738366
tensor(394.1026, device='cuda:0')
1.0
tensor(512.6042, device='cuda:0')
0.7803291704108822
tensor(820.0217, device='cuda:0')
0.48779195244504764
Client 0 trust score: 0.9838
Client 1 trust score: 0.9818
Client 2 trust score: 0.9817
Client 3 trust score: 0.9851
Client 4 trust score: 0.9910
Round 4 Test Accuracy=0.0199

========== Round [5/150] ==========

 Client 1/5
logits shape: torch.Size([64, 100])
label range: 0 98
loss = 4.283219337463379
loss = 3.741326332092285
loss = 3.3670718669891357
loss = 2.956033229827881
loss = 3.3642008304595947
loss = 2.9012694358825684
loss = 2.742279291152954
loss = 2.8495962619781494
loss = 3.186103582382202
loss = 2.9425342082977295
Client 0 Train Acc=0.3185

 Client 2/5
logits shape: torch.Size([64, 100])
label range: 1 94
loss = 3.9118080139160156
loss = 3.7519733905792236
loss = 2.876262664794922
loss = 3.078610420227051
loss = 2.862445831298828
loss = 2.7671468257904053
loss = 2.8134829998016357
loss = 3.673340320587158
loss = 2.995879650115967
loss = 3.011439800262451
Client 1 Train Acc=0.3240

 Client 3/5
logits shape: torch.Size([64, 100])
label range: 2 99
loss = 3.691636085510254
loss = 3.360010862350464
loss = 2.7569408416748047
loss = 2.7286171913146973
loss = 2.4166066646575928
loss = 2.5749547481536865
loss = 3.0408592224121094
loss = 2.7440452575683594
loss = 3.04004168510437
loss = 2.7988829612731934
Client 2 Train Acc=0.3600

 Client 4/5
logits shape: torch.Size([64, 100])
label range: 0 97
loss = 5.0080342292785645
loss = 4.200160503387451
loss = 3.6288299560546875
loss = 3.5342602729797363
loss = 3.3452656269073486
loss = 3.159064769744873
loss = 3.099140167236328
loss = 2.866530179977417
loss = 3.2692816257476807
loss = 3.556626558303833
Client 3 Train Acc=0.3254

 Client 5/5
logits shape: torch.Size([64, 100])
label range: 1 96
loss = 5.151806354522705
loss = 4.303351879119873
loss = 4.140876293182373
loss = 3.419832944869995
loss = 3.348227024078369
loss = 3.1971020698547363
loss = 3.5685794353485107
loss = 3.468187093734741
loss = 3.2289228439331055
loss = 3.1354217529296875
Client 4 Train Acc=0.3216
tensor(573.3270, device='cuda:0')
0.6976821677458463
tensor(444.1806, device='cuda:0')
0.9005346581005742
tensor(402.8914, device='cuda:0')
0.9928233307422987
tensor(524.9393, device='cuda:0')
0.7619929063129847
tensor(843.0348, device='cuda:0')
0.47447626684714317
Client 0 trust score: 0.9806
Client 1 trust score: 0.9756
Client 2 trust score: 0.9765
Client 3 trust score: 0.9786
Client 4 trust score: 0.9872
Round 5 Test Accuracy=0.0364

========== Round [6/150] ==========

 Client 1/5
logits shape: torch.Size([64, 100])
label range: 0 98
loss = 4.138669013977051
loss = 3.719902753829956
loss = 3.5385961532592773
loss = 3.3463714122772217
loss = 3.1471340656280518
loss = 3.0436174869537354
loss = 3.193256378173828
loss = 2.644601345062256
loss = 2.6952905654907227
loss = 3.051344633102417
Client 0 Train Acc=0.3623

 Client 2/5
logits shape: torch.Size([64, 100])
label range: 1 95
loss = 3.6178064346313477
loss = 3.5028462409973145
loss = 3.227363109588623
loss = 3.078691005706787
loss = 3.2789597511291504
loss = 2.8024344444274902
loss = 2.77004337310791
loss = 2.712256908416748
loss = 2.9051430225372314
loss = 2.6245744228363037
Client 1 Train Acc=0.3964

 Client 3/5
logits shape: torch.Size([64, 100])
label range: 2 99
loss = 3.6108317375183105
loss = 3.5029971599578857
loss = 3.102233648300171
loss = 2.6610584259033203
loss = 2.9812519550323486
loss = 2.5363612174987793
loss = 2.7562198638916016
loss = 2.72623610496521
loss = 2.5152812004089355
loss = 2.7171006202697754
Client 2 Train Acc=0.4021

 Client 4/5
logits shape: torch.Size([64, 100])
label range: 0 97
loss = 4.862962245941162
loss = 4.050143718719482
loss = 3.67437481880188
loss = 3.6064016819000244
loss = 3.3847157955169678
loss = 3.066366672515869
loss = 3.4916460514068604
loss = 3.0220203399658203
loss = 3.188439130783081
loss = 3.0669238567352295
Client 3 Train Acc=0.3552

 Client 5/5
logits shape: torch.Size([64, 100])
label range: 1 98
loss = 5.2424187660217285
loss = 4.130229949951172
loss = 4.0840349197387695
loss = 4.092657566070557
loss = 3.6335999965667725
loss = 3.4360408782958984
loss = 3.4774129390716553
loss = 3.295638084411621
loss = 3.4540963172912598
loss = 3.600996255874634
Client 4 Train Acc=0.3405
tensor(603.8345, device='cuda:0')
0.6624331967010945
tensor(469.4676, device='cuda:0')
0.8520289967558758
tensor(429.9765, device='cuda:0')
0.9302833960397353
tensor(548.3329, device='cuda:0')
0.7294838781346945
tensor(871.1133, device='cuda:0')
0.4591825295396959
Client 0 trust score: 0.9701
Client 1 trust score: 0.9625
Client 2 trust score: 0.9613
Client 3 trust score: 0.9692
Client 4 trust score: 0.9793
Round 6 Test Accuracy=0.0592

========== Round [7/150] ==========

 Client 1/5
logits shape: torch.Size([64, 100])
label range: 0 93
loss = 4.130648612976074
loss = 3.783688545227051
loss = 3.908379554748535
loss = 3.1994142532348633
loss = 3.3231565952301025
loss = 2.573784112930298
loss = 3.03423810005188
loss = 3.0824167728424072
loss = 2.9911949634552
loss = 3.3162736892700195
Client 0 Train Acc=0.3733

 Client 2/5
logits shape: torch.Size([64, 100])
label range: 1 99
loss = 3.737689971923828
loss = 3.3909473419189453
loss = 3.5677411556243896
loss = 3.2116024494171143
loss = 2.7061309814453125
loss = 2.908299446105957
loss = 2.3509886264801025
loss = 2.758394956588745
loss = 2.569265127182007
loss = 2.8454036712646484
Client 1 Train Acc=0.4022

 Client 3/5
logits shape: torch.Size([64, 100])
label range: 2 99
loss = 3.5256600379943848
loss = 3.1740832328796387
loss = 2.8213584423065186
loss = 2.7763028144836426
loss = 2.713107109069824
loss = 2.5583319664001465
loss = 2.4573934078216553
loss = 2.9476583003997803
loss = 3.1840081214904785
loss = 2.9557108879089355
Client 2 Train Acc=0.4378

 Client 4/5
logits shape: torch.Size([64, 100])
label range: 0 97
loss = 4.798832893371582
loss = 4.028231620788574
loss = 3.8903615474700928
loss = 4.197906494140625
loss = 3.3978829383850098
loss = 3.530715227127075
loss = 3.126108169555664
loss = 3.0779550075531006
loss = 2.736989974975586
loss = 2.786831855773926
Client 3 Train Acc=0.3785

 Client 5/5
logits shape: torch.Size([64, 100])
label range: 1 98
loss = 4.495857238769531
loss = 4.4154744148254395
loss = 4.2620954513549805
loss = 4.129806995391846
loss = 3.293440580368042
loss = 3.5984365940093994
loss = 3.320787191390991
loss = 3.0346033573150635
loss = 3.4552853107452393
loss = 3.1103367805480957
Client 4 Train Acc=0.3641
tensor(640.5967, device='cuda:0')
0.6244178477402192
tensor(490.4716, device='cuda:0')
0.8155416331477536
tensor(453.1783, device='cuda:0')
0.8826547090226696
tensor(576.3066, device='cuda:0')
0.694074945182312
tensor(912.2316, device='cuda:0')
0.43848512542115725
Client 0 trust score: 0.9624
Client 1 trust score: 0.9551
Client 2 trust score: 0.9487
Client 3 trust score: 0.9574
Client 4 trust score: 0.9726
Round 7 Test Accuracy=0.0916

========== Round [8/150] ==========

 Client 1/5
logits shape: torch.Size([64, 100])
label range: 0 97
loss = 4.326759338378906
loss = 3.645983934402466
loss = 3.108001232147217
loss = 3.689828634262085
loss = 3.1727066040039062
loss = 3.2056150436401367
loss = 3.036773204803467
loss = 2.6024653911590576
loss = 2.483474016189575
loss = 2.658508777618408
Client 0 Train Acc=0.4132

 Client 2/5
logits shape: torch.Size([64, 100])
label range: 5 95
loss = 3.7324535846710205
loss = 3.0688576698303223
loss = 3.3803629875183105
loss = 2.9803273677825928
loss = 2.3157801628112793
loss = 2.7891550064086914
loss = 2.6744189262390137
loss = 2.4661364555358887
loss = 2.6591708660125732
loss = 2.605928421020508
Client 1 Train Acc=0.4144

 Client 3/5
logits shape: torch.Size([64, 100])
label range: 4 99
loss = 3.4443531036376953
loss = 3.0885443687438965
loss = 2.5629987716674805
loss = 3.040745735168457
loss = 3.1579344272613525
loss = 2.5924224853515625
loss = 2.202669620513916
loss = 2.43861985206604
loss = 2.5153286457061768
loss = 2.3972558975219727
Client 2 Train Acc=0.4506

 Client 4/5
logits shape: torch.Size([64, 100])
label range: 0 97
loss = 4.458538055419922
loss = 4.463353157043457
loss = 3.6987218856811523
loss = 3.3797249794006348
loss = 2.9139838218688965
loss = 3.360954523086548
loss = 3.463463068008423
loss = 3.2441658973693848
loss = 2.9985122680664062
loss = 2.9194400310516357
Client 3 Train Acc=0.4027

 Client 5/5
logits shape: torch.Size([64, 100])
label range: 1 98
loss = 4.6135149002075195
loss = 4.212307929992676
loss = 3.7166783809661865
loss = 3.9341323375701904
loss = 4.25508451461792
loss = 3.4252922534942627
loss = 3.4140148162841797
loss = 2.8446922302246094
loss = 3.477870464324951
loss = 3.1861727237701416
Client 4 Train Acc=0.3771
tensor(684.6908, device='cuda:0')
0.5842053119395704
tensor(567.2083, device='cuda:0')
0.7052082821082762
tensor(501.6286, device='cuda:0')
0.7974026982181922
tensor(611.5345, device='cuda:0')
0.654092303706186
tensor(961.9061, device='cuda:0')
0.4158409936122565
Client 0 trust score: 0.9541
Client 1 trust score: 0.9424
Client 2 trust score: 0.9382
Client 3 trust score: 0.9476
Client 4 trust score: 0.9623
Round 8 Test Accuracy=0.1148

========== Round [9/150] ==========

 Client 1/5
logits shape: torch.Size([64, 100])
label range: 0 90
loss = 3.9314632415771484
loss = 3.810216188430786
loss = 3.455902576446533
loss = 3.330070734024048
loss = 3.3575191497802734
loss = 3.4264609813690186
loss = 3.114917516708374
loss = 3.2151455879211426
loss = 2.7783241271972656
loss = 2.757504463195801
Client 0 Train Acc=0.4093

 Client 2/5
logits shape: torch.Size([64, 100])
label range: 5 97
loss = 3.7154059410095215
loss = 3.387089252471924
loss = 3.1593501567840576
loss = 2.7349729537963867
loss = 2.8115322589874268
loss = 2.459399700164795
loss = 2.6550168991088867
loss = 2.2836413383483887
loss = 2.3774642944335938
loss = 2.8733835220336914
Client 1 Train Acc=0.4386

 Client 3/5
logits shape: torch.Size([64, 100])
label range: 2 99
loss = 3.5220866203308105
loss = 2.870938777923584
loss = 2.93940806388855
loss = 2.3454573154449463
loss = 2.7491695880889893
loss = 2.277259111404419
loss = 2.8262481689453125
loss = 2.4787395000457764
loss = 2.5900156497955322
loss = 2.356865644454956
Client 2 Train Acc=0.4782

 Client 4/5
logits shape: torch.Size([64, 100])
label range: 0 97
loss = 4.5651116371154785
loss = 4.04210090637207
loss = 3.880349636077881
loss = 3.5216076374053955
loss = 3.517984628677368
loss = 2.914015054702759
loss = 2.7259206771850586
loss = 2.6882970333099365
loss = 2.6937687397003174
loss = 3.1664540767669678
Client 3 Train Acc=0.4104

 Client 5/5
logits shape: torch.Size([64, 100])
label range: 1 99
loss = 4.663804054260254
loss = 4.107543468475342
loss = 4.0096940994262695
loss = 3.7792177200317383
loss = 3.377166986465454
loss = 3.535634756088257
loss = 3.2102110385894775
loss = 2.9952306747436523
loss = 3.208434581756592
loss = 3.1808900833129883
Client 4 Train Acc=0.3858
tensor(736.3373, device='cuda:0')
0.5432293199272217
tensor(635.2178, device='cuda:0')
0.6297052417177023
tensor(558.3403, device='cuda:0')
0.7164089302751847
tensor(654.8185, device='cuda:0')
0.610856308021608
tensor(1008.7410, device='cuda:0')
0.39653391025661155
Client 0 trust score: 0.9419
Client 1 trust score: 0.9313
Client 2 trust score: 0.9243
Client 3 trust score: 0.9372
Client 4 trust score: 0.9582
Round 9 Test Accuracy=0.1314

========== Round [10/150] ==========

 Client 1/5
logits shape: torch.Size([64, 100])
label range: 10 98
loss = 3.686354398727417
loss = 3.527942657470703
loss = 3.782827854156494
loss = 2.7918338775634766
loss = 3.266263484954834
loss = 3.118696928024292
loss = 3.1605494022369385
loss = 3.2064499855041504
loss = 3.207362413406372
loss = 2.7049601078033447
Client 0 Train Acc=0.4291

 Client 2/5
logits shape: torch.Size([64, 100])
label range: 5 99
loss = 3.6505563259124756
loss = 3.6290667057037354
loss = 3.1315431594848633
loss = 2.991158962249756
loss = 2.8162784576416016
loss = 2.728163957595825
loss = 2.5673534870147705
loss = 2.3575713634490967
loss = 2.3610422611236572
loss = 2.1096763610839844
Client 1 Train Acc=0.4468

 Client 3/5
logits shape: torch.Size([64, 100])
label range: 2 99
loss = 3.7209906578063965
loss = 3.0826363563537598
loss = 2.8524022102355957
loss = 2.650315761566162
loss = 2.2502200603485107
loss = 2.3736867904663086
loss = 2.3562357425689697
loss = 2.6874611377716064
loss = 2.0165350437164307
loss = 2.4622597694396973
Client 2 Train Acc=0.4876

 Client 4/5
logits shape: torch.Size([64, 100])
label range: 3 97
loss = 4.497448921203613
loss = 3.828981876373291
loss = 3.931856870651245
loss = 3.111672878265381
loss = 3.3016932010650635
loss = 3.403742790222168
loss = 3.202486276626587
loss = 3.1086487770080566
loss = 2.750880718231201
loss = 3.2500052452087402
Client 3 Train Acc=0.4473

 Client 5/5
logits shape: torch.Size([64, 100])
label range: 1 98
loss = 4.627574443817139
loss = 3.4563851356506348
loss = 4.074421405792236
loss = 3.66483998298645
loss = 3.4304139614105225
loss = 3.4929609298706055
loss = 3.4454891681671143
loss = 3.1455907821655273
loss = 3.1573092937469482
loss = 2.899786949157715
Client 4 Train Acc=0.3883
tensor(781.4271, device='cuda:0')
0.5118839463115465
tensor(668.8984, device='cuda:0')
0.5979981078966108
tensor(624.3156, device='cuda:0')
0.6407016433817257
tensor(702.9788, device='cuda:0')
0.5690072344907839
tensor(1060.8293, device='cuda:0')
0.3770634754969725
Client 0 trust score: 0.9255
Client 1 trust score: 0.9195
Client 2 trust score: 0.9109
Client 3 trust score: 0.9215
Client 4 trust score: 0.9514
Round 10 Test Accuracy=0.1469

========== Round [11/150] ==========

 Client 1/5
logits shape: torch.Size([64, 100])
label range: 19 93
loss = 4.191285133361816
loss = 3.191357135772705
loss = 3.0342347621917725
loss = 3.305933952331543
loss = 3.109570264816284
loss = 3.2315006256103516
loss = 2.6519289016723633
loss = 2.8095223903656006
loss = 2.6079485416412354
loss = 2.980168104171753
Client 0 Train Acc=0.4373

 Client 2/5
logits shape: torch.Size([64, 100])
label range: 7 94
loss = 3.6232008934020996
loss = 3.1903679370880127
loss = 2.8798882961273193
loss = 2.7615697383880615
loss = 2.467571258544922
loss = 2.8276443481445312
loss = 2.5497591495513916
loss = 2.059762477874756
loss = 2.8314666748046875
loss = 2.398776054382324
Client 1 Train Acc=0.4668

 Client 3/5
logits shape: torch.Size([64, 100])
label range: 2 99
loss = 3.1506106853485107
loss = 3.1145730018615723
loss = 2.933967351913452
loss = 2.2161173820495605
loss = 2.456368923187256
loss = 2.634645938873291
loss = 2.404984474182129
loss = 2.7286694049835205
loss = 2.2927303314208984
loss = 2.0972931385040283
Client 2 Train Acc=0.4928

 Client 4/5
logits shape: torch.Size([64, 100])
label range: 0 97
loss = 4.151173114776611
loss = 3.9685018062591553
loss = 3.283865213394165
loss = 3.5389602184295654
loss = 3.5364911556243896
loss = 3.0401601791381836
loss = 2.7757515907287598
loss = 2.9633920192718506
loss = 2.5749051570892334
loss = 2.7233145236968994
Client 3 Train Acc=0.4377

 Client 5/5
logits shape: torch.Size([64, 100])
label range: 5 98
loss = 4.506056308746338
loss = 4.30513858795166
loss = 4.113029479980469
loss = 3.176374912261963
loss = 3.001138210296631
loss = 3.34557843208313
loss = 3.430661201477051
loss = 2.979372024536133
loss = 2.5139784812927246
loss = 3.226696252822876
Client 4 Train Acc=0.4159
tensor(842.2049, device='cuda:0')
0.4749438080512739
tensor(723.1455, device='cuda:0')
0.5531390234449372
tensor(628.0511, device='cuda:0')
0.6368908035867857
tensor(732.7200, device='cuda:0')
0.5459111474963015
tensor(1142.2922, device='cuda:0')
0.35017308818082443
Client 0 trust score: 0.9201
Client 1 trust score: 0.9056
Client 2 trust score: 0.8994
Client 3 trust score: 0.9009
Client 4 trust score: 0.9431
Round 11 Test Accuracy=0.1608

========== Round [12/150] ==========

 Client 1/5
logits shape: torch.Size([64, 100])
label range: 9 94
loss = 3.879976272583008
loss = 3.502842426300049
loss = 3.4819955825805664
loss = 3.0690090656280518
loss = 2.9355454444885254
loss = 2.6381049156188965
loss = 2.9318342208862305
loss = 2.8524632453918457
loss = 2.929687738418579
loss = 2.9372546672821045
Client 0 Train Acc=0.4713

 Client 2/5
logits shape: torch.Size([64, 100])
label range: 5 94
loss = 3.546379566192627
loss = 2.9409096240997314
loss = 3.062943935394287
loss = 3.176929235458374
loss = 2.4872584342956543
loss = 2.827789068222046
loss = 2.5844500064849854
loss = 2.6039164066314697
loss = 2.1251091957092285
loss = 2.2597737312316895
Client 1 Train Acc=0.4823

 Client 3/5
logits shape: torch.Size([64, 100])
label range: 2 99
loss = 3.6941230297088623
loss = 3.3655314445495605
loss = 2.78458571434021
loss = 2.856358051300049
loss = 2.651228904724121
loss = 2.2616684436798096
loss = 2.560837745666504
loss = 2.504931688308716
loss = 2.59584903717041
loss = 2.255593776702881
Client 2 Train Acc=0.4987

 Client 4/5
logits shape: torch.Size([64, 100])
label range: 3 97
loss = 4.3684186935424805
loss = 3.722902536392212
loss = 3.922074317932129
loss = 3.0683107376098633
loss = 2.676359176635742
loss = 2.855879783630371
loss = 3.187283754348755
loss = 3.1359004974365234
loss = 2.789168357849121
loss = 2.603982448577881
Client 3 Train Acc=0.4552

 Client 5/5
logits shape: torch.Size([64, 100])
label range: 5 98
loss = 4.122765064239502
loss = 4.107057571411133
loss = 3.394301414489746
loss = 3.137413740158081
loss = 3.1936302185058594
loss = 3.1093997955322266
loss = 3.489788055419922
loss = 2.941646099090576
loss = 2.9902615547180176
loss = 2.9260168075561523
Client 4 Train Acc=0.4232
tensor(880.0818, device='cuda:0')
0.45450321306363795
tensor(792.9853, device='cuda:0')
0.5044229757830629
tensor(661.6999, device='cuda:0')
0.6045036518252291
tensor(745.4465, device='cuda:0')
0.5365911771460754
tensor(1185.7719, device='cuda:0')
0.3373330205151553
Client 0 trust score: 0.9123
Client 1 trust score: 0.8992
Client 2 trust score: 0.8967
Client 3 trust score: 0.8959
Client 4 trust score: 0.9439
Round 12 Test Accuracy=0.1742

========== Round [13/150] ==========

 Client 1/5
logits shape: torch.Size([64, 100])
label range: 10 93
loss = 3.842238426208496
loss = 3.0166637897491455
loss = 3.1438965797424316
loss = 2.8584628105163574
loss = 3.0891427993774414
loss = 2.5686421394348145
loss = 2.6568729877471924
loss = 2.8449230194091797
loss = 2.355708599090576
loss = 2.5470473766326904
Client 0 Train Acc=0.4612

 Client 2/5
logits shape: torch.Size([64, 100])
label range: 1 95
loss = 3.284806251525879
loss = 3.2946650981903076
loss = 3.188809394836426
loss = 2.6016154289245605
loss = 2.7753734588623047
loss = 2.2994866371154785
loss = 3.028836250305176
loss = 2.1662485599517822
loss = 2.2660162448883057
loss = 2.4929752349853516
Client 1 Train Acc=0.4980

 Client 3/5
logits shape: torch.Size([64, 100])
label range: 2 99
loss = 3.2753779888153076
loss = 2.813793420791626
loss = 2.8976447582244873
loss = 2.806971549987793
loss = 2.4472575187683105
loss = 2.1168551445007324
loss = 2.410604953765869
loss = 2.3368399143218994
loss = 2.0008339881896973
loss = 2.2729885578155518
Client 2 Train Acc=0.5282

 Client 4/5
logits shape: torch.Size([64, 100])
label range: 0 97
loss = 3.8288044929504395
loss = 3.413037061691284
loss = 3.3745670318603516
loss = 3.53085994720459
loss = 3.3970048427581787
loss = 3.1512720584869385
loss = 2.852368116378784
loss = 2.3985342979431152
loss = 2.6632020473480225
loss = 2.6034746170043945
Client 3 Train Acc=0.4526

 Client 5/5
logits shape: torch.Size([64, 100])
label range: 1 95
loss = 4.174656391143799
loss = 3.6112964153289795
loss = 3.5390467643737793
loss = 3.3831958770751953
loss = 3.1576411724090576
loss = 3.2638633251190186
loss = 3.027745485305786
loss = 3.0145020484924316
loss = 2.9036786556243896
loss = 2.830963134765625
Client 4 Train Acc=0.4425
tensor(964.1539, device='cuda:0')
0.4148715130212651
tensor(794.0301, device='cuda:0')
0.5037592464949731
tensor(747.2632, device='cuda:0')
0.535286641684009
tensor(788.1152, device='cuda:0')
0.5075400316236713
tensor(1256.9061, device='cuda:0')
0.31824174543476813
Client 0 trust score: 0.9083
Client 1 trust score: 0.9013
Client 2 trust score: 0.8917
Client 3 trust score: 0.8844
Client 4 trust score: 0.9390
Round 13 Test Accuracy=0.1874

========== Round [14/150] ==========

 Client 1/5
logits shape: torch.Size([64, 100])
label range: 0 93
loss = 3.4131150245666504
loss = 3.559039831161499
loss = 3.084320068359375
loss = 3.784306764602661
loss = 3.1871120929718018
loss = 2.875699758529663
loss = 2.548663854598999
loss = 2.3267900943756104
loss = 2.671445369720459
loss = 2.3818185329437256
Client 0 Train Acc=0.4594

 Client 2/5
logits shape: torch.Size([64, 100])
label range: 7 99
loss = 3.1586155891418457
loss = 3.459027051925659
loss = 2.9115591049194336
loss = 2.5055534839630127
loss = 2.9163522720336914
loss = 2.8128936290740967
loss = 2.5226974487304688
loss = 2.410747528076172
loss = 2.7166714668273926
loss = 2.1561756134033203
Client 1 Train Acc=0.4959

 Client 3/5
logits shape: torch.Size([64, 100])
label range: 2 99
loss = 3.1918787956237793
loss = 2.6281919479370117
loss = 2.5583813190460205
loss = 2.6223607063293457
loss = 2.390864610671997
loss = 2.4072141647338867
loss = 2.188504219055176
loss = 2.3736965656280518
loss = 2.292304277420044
loss = 2.4806559085845947
Client 2 Train Acc=0.5290

 Client 4/5
logits shape: torch.Size([64, 100])
label range: 0 97
loss = 3.636354446411133
loss = 3.424987554550171
loss = 3.0784645080566406
loss = 3.4250309467315674
loss = 3.8260436058044434
loss = 2.7682294845581055
loss = 2.657614231109619
loss = 2.6153769493103027
loss = 3.1013526916503906
loss = 2.4619345664978027
Client 3 Train Acc=0.4610

 Client 5/5
logits shape: torch.Size([64, 100])
label range: 1 98
loss = 4.106543064117432
loss = 3.7509608268737793
loss = 3.5624313354492188
loss = 3.6142566204071045
loss = 3.2518248558044434
loss = 3.4999186992645264
loss = 3.29074764251709
loss = 3.084620475769043
loss = 2.7337961196899414
loss = 2.944389820098877
Client 4 Train Acc=0.4591
tensor(998.7635, device='cuda:0')
0.4004952168333631
tensor(868.4318, device='cuda:0')
0.4606003801133869
tensor(811.6500, device='cuda:0')
0.4928232834937808
tensor(859.3232, device='cuda:0')
0.46548261326268836
tensor(1318.3639, device='cuda:0')
0.30340636795966514
Client 0 trust score: 0.9005
Client 1 trust score: 0.8971
Client 2 trust score: 0.8880
Client 3 trust score: 0.8944
Client 4 trust score: 0.9246
Round 14 Test Accuracy=0.1971

========== Round [15/150] ==========

 Client 1/5
logits shape: torch.Size([64, 100])
label range: 0 93
loss = 3.5375282764434814
loss = 4.090427398681641
loss = 3.60514760017395
loss = 3.080620765686035
loss = 2.7129735946655273
loss = 3.102322816848755
loss = 2.3513898849487305
loss = 2.7565691471099854
loss = 2.7302730083465576
loss = 2.3810346126556396
Client 0 Train Acc=0.4779

 Client 2/5
logits shape: torch.Size([64, 100])
label range: 5 94
loss = 3.5494585037231445
loss = 3.060929536819458
loss = 2.793677568435669
loss = 3.035799026489258
loss = 2.795701503753662
loss = 2.503549337387085
loss = 2.577275037765503
loss = 2.1384356021881104
loss = 2.0861029624938965
loss = 1.8737473487854004
Client 1 Train Acc=0.5062

 Client 3/5
logits shape: torch.Size([64, 100])
label range: 2 99
loss = 3.454807996749878
loss = 2.773179531097412
loss = 2.4893112182617188
loss = 3.1090705394744873
loss = 2.700746774673462
loss = 1.8913456201553345
loss = 2.461810827255249
loss = 1.9464731216430664
loss = 2.109729051589966
loss = 2.041999578475952
Client 2 Train Acc=0.5278

 Client 4/5
logits shape: torch.Size([64, 100])
label range: 0 97
loss = 4.179666042327881
loss = 3.9591381549835205
loss = 2.9435601234436035
loss = 3.138853073120117
loss = 2.893526315689087
loss = 3.051778554916382
loss = 3.11572527885437
loss = 2.4186716079711914
loss = 2.87412428855896
loss = 2.8742401599884033
Client 3 Train Acc=0.4741

 Client 5/5
logits shape: torch.Size([64, 100])
label range: 1 98
loss = 4.404909610748291
loss = 3.742159128189087
loss = 3.5494167804718018
loss = 3.544760227203369
loss = 3.367428779602051
loss = 3.0103228092193604
loss = 2.94638991355896
loss = 2.5342135429382324
loss = 2.9892258644104004
loss = 2.9892730712890625
Client 4 Train Acc=0.4619
tensor(1091.7750, device='cuda:0')
0.3663758476382742
tensor(891.6710, device='cuda:0')
0.4485959711377881
tensor(807.0141, device='cuda:0')
0.4956542896036552
tensor(883.5474, device='cuda:0')
0.452720464110318
tensor(1280.7289, device='cuda:0')
0.3123221516068223
Client 0 trust score: 0.8976
Client 1 trust score: 0.8828
Client 2 trust score: 0.8785
Client 3 trust score: 0.8727
Client 4 trust score: 0.9218
Round 15 Test Accuracy=0.2080

========== Round [16/150] ==========

 Client 1/5
logits shape: torch.Size([64, 100])
label range: 0 93
loss = 3.5698792934417725
loss = 3.64785099029541
loss = 3.0760319232940674
loss = 3.014019727706909
loss = 2.988994836807251
loss = 2.6293396949768066
loss = 2.556086540222168
loss = 2.950666904449463
loss = 2.997070550918579
loss = 2.6094844341278076
Client 0 Train Acc=0.4826

 Client 2/5
logits shape: torch.Size([64, 100])
label range: 5 99
loss = 3.7377891540527344
loss = 3.0630345344543457
loss = 3.421854019165039
loss = 2.6504101753234863
loss = 2.2870748043060303
loss = 2.6986892223358154
loss = 2.478651762008667
loss = 2.693621873855591
loss = 2.698965072631836
loss = 2.449856758117676
Client 1 Train Acc=0.5178

 Client 3/5
logits shape: torch.Size([64, 100])
label range: 2 99
loss = 3.2419822216033936
loss = 3.1067793369293213
loss = 2.3657238483428955
loss = 2.570596694946289
loss = 2.343250036239624
loss = 2.0921804904937744
loss = 1.9794021844863892
loss = 2.5470402240753174
loss = 2.426149368286133
loss = 1.8170146942138672
Client 2 Train Acc=0.5476

 Client 4/5
logits shape: torch.Size([64, 100])
label range: 0 97
loss = 3.480158805847168
loss = 3.9065423011779785
loss = 3.2378621101379395
loss = 3.21679949760437
loss = 2.877504348754883
loss = 3.2615511417388916
loss = 2.740370512008667
loss = 2.413602113723755
loss = 2.6737401485443115
loss = 3.1327598094940186
Client 3 Train Acc=0.4868

 Client 5/5
logits shape: torch.Size([64, 100])
label range: 1 98
loss = 3.500631332397461
loss = 3.740410804748535
loss = 3.5749406814575195
loss = 4.013220310211182
loss = 3.055072784423828
loss = 3.0784647464752197
loss = 3.0600461959838867
loss = 2.9876222610473633
loss = 2.926669120788574
loss = 2.7377939224243164
Client 4 Train Acc=0.4523
tensor(1074.3619, device='cuda:0')
0.37231400859862623
tensor(894.3977, device='cuda:0')
0.44722833894688924
tensor(855.5934, device='cuda:0')
0.46751179658328834
tensor(899.1038, device='cuda:0')
0.4448874431917573
tensor(1369.8184, device='cuda:0')
0.29200951882591625
Client 0 trust score: 0.8906
Client 1 trust score: 0.8844
Client 2 trust score: 0.8614
Client 3 trust score: 0.8576
Client 4 trust score: 0.9146
Round 16 Test Accuracy=0.2161

========== Round [17/150] ==========

 Client 1/5
logits shape: torch.Size([64, 100])
label range: 0 93
loss = 3.351639747619629
loss = 3.600001335144043
loss = 2.828946828842163
loss = 2.712024450302124
loss = 2.8289692401885986
loss = 2.6378910541534424
loss = 2.8687222003936768
loss = 2.956108570098877
loss = 2.6643717288970947
loss = 2.7147018909454346
Client 0 Train Acc=0.4867

 Client 2/5
logits shape: torch.Size([64, 100])
label range: 5 95
loss = 3.2855358123779297
loss = 2.8660688400268555
loss = 2.866136312484741
loss = 2.441399574279785
loss = 2.9052281379699707
loss = 2.164252996444702
loss = 2.431020498275757
loss = 2.1096932888031006
loss = 2.5274362564086914
loss = 2.5435521602630615
Client 1 Train Acc=0.5239

 Client 3/5
logits shape: torch.Size([64, 100])
label range: 2 99
loss = 3.0653836727142334
loss = 2.604471206665039
loss = 2.458576202392578
loss = 2.4099462032318115
loss = 2.2232930660247803
loss = 1.9797288179397583
loss = 2.1816670894622803
loss = 2.4674856662750244
loss = 2.3734896183013916
loss = 1.9516732692718506
Client 2 Train Acc=0.5396

 Client 4/5
logits shape: torch.Size([64, 100])
label range: 0 97
loss = 3.9060282707214355
loss = 3.1823089122772217
loss = 3.422220230102539
loss = 2.9466683864593506
loss = 2.5542845726013184
loss = 2.671602487564087
loss = 3.353261709213257
loss = 2.5070555210113525
loss = 2.562800645828247
loss = 2.6097471714019775
Client 3 Train Acc=0.4771

 Client 5/5
logits shape: torch.Size([64, 100])
label range: 4 98
loss = 3.875107526779175
loss = 3.75517201423645
loss = 3.3454456329345703
loss = 3.2621147632598877
loss = 3.203500747680664
loss = 2.896594524383545
loss = 3.0136444568634033
loss = 2.784179210662842
loss = 2.3971750736236572
loss = 2.8002681732177734
Client 4 Train Acc=0.4544
tensor(1135.9259, device='cuda:0')
0.3521356444384262
tensor(942.6211, device='cuda:0')
0.42434866209994526
tensor(910.0876, device='cuda:0')
0.43951813693026015
tensor(891.5065, device='cuda:0')
0.44867874051736845
tensor(1426.3875, device='cuda:0')
0.28042871498299593
Client 0 trust score: 0.8728
Client 1 trust score: 0.8774
Client 2 trust score: 0.8631
Client 3 trust score: 0.8412
Client 4 trust score: 0.9195
Round 17 Test Accuracy=0.2239

========== Round [18/150] ==========

 Client 1/5
logits shape: torch.Size([64, 100])
label range: 0 93
loss = 3.041290760040283
loss = 3.1980528831481934
loss = 3.3014068603515625
loss = 3.937624454498291
loss = 2.956102132797241
loss = 2.522528648376465
loss = 2.6042091846466064
loss = 2.8046064376831055
loss = 2.769961357116699
loss = 2.577418804168701
Client 0 Train Acc=0.4972

 Client 2/5
logits shape: torch.Size([64, 100])
label range: 5 99
loss = 3.3338747024536133
loss = 2.828206777572632
loss = 2.5372581481933594
loss = 2.7615156173706055
loss = 2.7826099395751953
loss = 2.4453513622283936
loss = 2.24176025390625
loss = 2.5802090167999268
loss = 2.495889186859131
loss = 2.363107204437256
Client 1 Train Acc=0.5377

 Client 3/5
logits shape: torch.Size([64, 100])
label range: 2 99
loss = 2.936218738555908
loss = 3.2232308387756348
loss = 2.603588819503784
loss = 2.4524974822998047
loss = 2.047307252883911
loss = 2.130889654159546
loss = 2.1302106380462646
loss = 1.8957183361053467
loss = 2.490583896636963
loss = 2.2891831398010254
Client 2 Train Acc=0.5606

 Client 4/5
logits shape: torch.Size([64, 100])
label range: 0 97
loss = 3.595126152038574
loss = 3.0163559913635254
loss = 3.0868053436279297
loss = 2.8709638118743896
loss = 2.761120080947876
loss = 2.5191314220428467
loss = 2.6773910522460938
loss = 2.842241048812866
loss = 2.9360079765319824
loss = 2.306178092956543
Client 3 Train Acc=0.4908

 Client 5/5
logits shape: torch.Size([64, 100])
label range: 5 98
loss = 3.480543375015259
loss = 4.051270961761475
loss = 3.078284978866577
loss = 3.0418357849121094
loss = 3.2696638107299805
loss = 2.7060530185699463
loss = 3.1836581230163574
loss = 2.6139352321624756
loss = 2.8052430152893066
loss = 3.293696641921997
Client 4 Train Acc=0.4775
tensor(1108.0396, device='cuda:0')
0.360997944268298
tensor(922.8976, device='cuda:0')
0.43341753989252074
tensor(889.2706, device='cuda:0')
0.44980685745434223
tensor(861.6631, device='cuda:0')
0.46421856352914853
tensor(1430.6388, device='cuda:0')
0.27959538193208683
Client 0 trust score: 0.8673
Client 1 trust score: 0.8598
Client 2 trust score: 0.8298
Client 3 trust score: 0.7922
Client 4 trust score: 0.9114
Round 18 Test Accuracy=0.2277

========== Round [19/150] ==========

 Client 1/5
logits shape: torch.Size([64, 100])
label range: 0 93
loss = 3.603635311126709
loss = 3.2330009937286377
loss = 3.2015864849090576
loss = 2.3867599964141846
loss = 2.638554573059082
loss = 2.7475085258483887
loss = 2.8036715984344482
loss = 2.882901668548584
loss = 3.211544990539551
loss = 2.5834240913391113
Client 0 Train Acc=0.5017

 Client 2/5
logits shape: torch.Size([64, 100])
label range: 5 94
loss = 2.951714038848877
loss = 3.0113115310668945
loss = 2.8045499324798584
loss = 2.5203146934509277
loss = 2.4845128059387207
loss = 2.18619441986084
loss = 2.327002763748169
loss = 2.2463459968566895
loss = 2.268249988555908
loss = 2.0424299240112305
Client 1 Train Acc=0.5377

 Client 3/5
logits shape: torch.Size([64, 100])
label range: 2 99
loss = 3.2282657623291016
loss = 2.639517068862915
loss = 2.417038917541504
loss = 2.1215715408325195
loss = 2.0923430919647217
loss = 2.283250331878662
loss = 2.2311854362487793
loss = 2.480956554412842
loss = 2.32682466506958
loss = 2.3138465881347656
Client 2 Train Acc=0.5578

 Client 4/5
logits shape: torch.Size([64, 100])
label range: 0 97
loss = 3.7790603637695312
loss = 3.725980520248413
loss = 3.5124003887176514
loss = 3.567702531814575
loss = 3.025083065032959
loss = 2.696387767791748
loss = 2.5626380443573
loss = 2.518028497695923
loss = 2.4899349212646484
loss = 2.8356759548187256
Client 3 Train Acc=0.4899

 Client 5/5
logits shape: torch.Size([64, 100])
label range: 1 98
loss = 3.8579728603363037
loss = 3.353494882583618
loss = 2.8448617458343506
loss = 3.0880043506622314
loss = 3.3517088890075684
loss = 2.9217920303344727
loss = 3.562452793121338
loss = 2.549755334854126
loss = 2.9548163414001465
loss = 2.450079917907715
Client 4 Train Acc=0.4710
tensor(1193.8489, device='cuda:0')
0.33505078215666423
tensor(980.3979, device='cuda:0')
0.4079975894673665
tensor(868.5997, device='cuda:0')
0.4605113097771937
tensor(1001.3546, device='cuda:0')
0.39945891164391356
tensor(1473.2848, device='cuda:0')
0.2715021581057619
Client 0 trust score: 0.8563
Client 1 trust score: 0.8499
Client 2 trust score: 0.8261
Client 3 trust score: 0.8402
Client 4 trust score: 0.9077
Round 19 Test Accuracy=0.2316

========== Round [20/150] ==========

 Client 1/5
logits shape: torch.Size([64, 100])
label range: 10 97
loss = 3.2199606895446777
loss = 3.4582090377807617
loss = 3.149057626724243
loss = 2.889195680618286
loss = 2.75248646736145
loss = 2.8231775760650635
loss = 2.621652126312256
loss = 2.978107452392578
loss = 2.485415458679199
loss = 2.739737033843994
Client 0 Train Acc=0.4915

 Client 2/5
logits shape: torch.Size([64, 100])
label range: 7 99
loss = 3.3372344970703125
loss = 2.6530706882476807
loss = 2.3185997009277344
loss = 2.865302562713623
loss = 2.377814531326294
loss = 2.8093931674957275
loss = 2.6742303371429443
loss = 2.3856513500213623
loss = 2.0135154724121094
loss = 2.1465539932250977
Client 1 Train Acc=0.5323

 Client 3/5
logits shape: torch.Size([64, 100])
label range: 2 99
loss = 2.859637975692749
loss = 3.147219181060791
loss = 2.6573479175567627
loss = 3.0080373287200928
loss = 1.9096958637237549
loss = 2.319571018218994
loss = 2.3146722316741943
loss = 2.3126940727233887
loss = 1.8730964660644531
loss = 1.7888927459716797
Client 2 Train Acc=0.5517

 Client 4/5
logits shape: torch.Size([64, 100])
label range: 0 97
loss = 3.643643379211426
loss = 3.4501712322235107
loss = 2.769444704055786
loss = 2.768270969390869
loss = 2.8698039054870605
loss = 2.6958250999450684
loss = 2.6677067279815674
loss = 2.4943583011627197
loss = 2.1979146003723145
loss = 2.663498640060425
Client 3 Train Acc=0.5017

 Client 5/5
logits shape: torch.Size([64, 100])
label range: 1 98
loss = 3.255248785018921
loss = 3.1834464073181152
loss = 2.7748687267303467
loss = 3.144306182861328
loss = 2.635298490524292
loss = 2.785233736038208
loss = 2.3155250549316406
loss = 3.482741594314575
loss = 2.460984706878662
loss = 2.823961019515991
Client 4 Train Acc=0.4822
tensor(1265.8962, device='cuda:0')
0.31598166365194474
tensor(1070.8884, device='cuda:0')
0.3735216383337521
tensor(906.3511, device='cuda:0')
0.4413300887239403
tensor(935.4069, device='cuda:0')
0.4276213815127741
tensor(1497.8118, device='cuda:0')
0.2670562541024608
Client 0 trust score: 0.8548
Client 1 trust score: 0.8428
Client 2 trust score: 0.8276
Client 3 trust score: 0.8280
Client 4 trust score: 0.9090
Round 20 Test Accuracy=0.2395

========== Round [21/150] ==========

 Client 1/5
logits shape: torch.Size([64, 100])
label range: 0 93
loss = 3.0815305709838867
loss = 3.135201930999756
loss = 3.1984448432922363
loss = 2.972841262817383
loss = 2.8332948684692383
loss = 2.735960006713867
loss = 2.5256850719451904
loss = 2.2591335773468018
loss = 2.6338775157928467
loss = 2.104395866394043
Client 0 Train Acc=0.5154

 Client 2/5
logits shape: torch.Size([64, 100])
label range: 5 97
loss = 3.2904131412506104
loss = 2.7499797344207764
loss = 2.9188997745513916
loss = 2.6490132808685303
loss = 2.344592571258545
loss = 2.30383563041687
loss = 2.1627674102783203
loss = 2.243684768676758
loss = 2.5349090099334717
loss = 2.3387746810913086
Client 1 Train Acc=0.5489

 Client 3/5
logits shape: torch.Size([64, 100])
label range: 2 99
loss = 2.602792739868164
loss = 2.820408821105957
loss = 2.210644006729126
loss = 2.413821220397949
loss = 2.029386520385742
loss = 2.2346880435943604
loss = 1.9981049299240112
loss = 2.065610408782959
loss = 2.468559980392456
loss = 2.0549728870391846
Client 2 Train Acc=0.5545

 Client 4/5
logits shape: torch.Size([64, 100])
label range: 0 94
loss = 3.2150719165802
loss = 3.359579086303711
loss = 3.4025583267211914
loss = 3.0825538635253906
loss = 3.1572000980377197
loss = 2.638197183609009
loss = 2.6402275562286377
loss = 2.4500584602355957
loss = 2.486719846725464
loss = 2.7387466430664062
Client 3 Train Acc=0.5095

 Client 5/5
logits shape: torch.Size([64, 100])
label range: 1 98
loss = 4.30463981628418
loss = 3.9121344089508057
loss = 2.797337532043457
loss = 3.4058918952941895
loss = 2.509343385696411
loss = 2.693708658218384
loss = 2.996788501739502
loss = 2.6724655628204346
loss = 2.775038480758667
loss = 2.502026081085205
Client 4 Train Acc=0.4746
tensor(1283.7644, device='cuda:0')
0.311583650910684
tensor(1025.9049, device='cuda:0')
0.3898996848366405
tensor(991.4285, device='cuda:0')
0.4034582558359725
tensor(990.1870, device='cuda:0')
0.4039641198299495
tensor(1478.3005, device='cuda:0')
0.27058097454401786
Client 0 trust score: 0.8464
Client 1 trust score: 0.8581
Client 2 trust score: 0.8374
Client 3 trust score: 0.8463
Client 4 trust score: 0.8976
Round 21 Test Accuracy=0.2446

========== Round [22/150] ==========

 Client 1/5
logits shape: torch.Size([64, 100])
label range: 0 93
loss = 2.822328805923462
loss = 2.781104564666748
loss = 3.0291635990142822
loss = 2.630068778991699
loss = 2.625164747238159
loss = 2.2023587226867676
loss = 2.222728729248047
loss = 2.4615628719329834
loss = 2.80363130569458
loss = 2.2834644317626953
Client 0 Train Acc=0.5100

 Client 2/5
logits shape: torch.Size([64, 100])
label range: 7 95
loss = 3.563331365585327
loss = 3.170093536376953
loss = 3.166064739227295
loss = 2.7375221252441406
loss = 2.9181785583496094
loss = 2.2654032707214355
loss = 1.9744659662246704
loss = 2.412189483642578
loss = 2.0408027172088623
loss = 2.1361918449401855
Client 1 Train Acc=0.5304

 Client 3/5
logits shape: torch.Size([64, 100])
label range: 2 99
loss = 3.0636861324310303
loss = 2.860025644302368
loss = 2.9081177711486816
loss = 2.098121404647827
loss = 2.090562105178833
loss = 2.226943254470825
loss = 2.1986520290374756
loss = 2.1462671756744385
loss = 1.986491322517395
loss = 2.012618064880371
Client 2 Train Acc=0.5723

 Client 4/5
logits shape: torch.Size([64, 100])
label range: 0 97
loss = 3.8814260959625244
loss = 3.12298321723938
loss = 2.6880388259887695
loss = 2.778984308242798
loss = 2.884796380996704
loss = 2.892122983932495
loss = 2.659271240234375
loss = 2.5228593349456787
loss = 2.6419878005981445
loss = 2.445643186569214
Client 3 Train Acc=0.5294

 Client 5/5
logits shape: torch.Size([64, 100])
label range: 4 98
loss = 3.6050405502319336
loss = 3.9219377040863037
loss = 3.1685595512390137
loss = 3.2118237018585205
loss = 2.74539852142334
loss = 2.8615174293518066
loss = 3.1283955574035645
loss = 2.622572422027588
loss = 2.447049379348755
loss = 3.074606418609619
Client 4 Train Acc=0.4999
tensor(1273.7079, device='cuda:0')
0.3140437493381148
tensor(1042.6831, device='cuda:0')
0.3836256652688116
tensor(917.7430, device='cuda:0')
0.43585187606978554
tensor(964.6135, device='cuda:0')
0.4146738455051391
tensor(1569.3689, device='cuda:0')
0.25487952571002304
Client 0 trust score: 0.8428
Client 1 trust score: 0.8367
Client 2 trust score: 0.8039
Client 3 trust score: 0.8098
Client 4 trust score: 0.8902
Round 22 Test Accuracy=0.2507

========== Round [23/150] ==========

 Client 1/5
logits shape: torch.Size([64, 100])
label range: 0 93
loss = 3.051299571990967
loss = 3.7004992961883545
loss = 2.838822841644287
loss = 2.9866230487823486
loss = 3.0560038089752197
loss = 2.6345374584198
loss = 2.706886053085327
loss = 2.3832411766052246
loss = 2.425175905227661
loss = 2.5284805297851562
Client 0 Train Acc=0.5168

 Client 2/5
logits shape: torch.Size([64, 100])
label range: 5 95
loss = 2.776289939880371
loss = 3.3417341709136963
loss = 3.006671190261841
loss = 2.2461965084075928
loss = 2.7818710803985596
loss = 2.5469632148742676
loss = 2.3517439365386963
loss = 2.630195379257202
loss = 2.332620143890381
loss = 2.629035472869873
Client 1 Train Acc=0.5542

 Client 3/5
logits shape: torch.Size([64, 100])
label range: 2 99
loss = 3.083908796310425
loss = 2.738844156265259
loss = 2.4206454753875732
loss = 2.2121832370758057
loss = 1.8642669916152954
loss = 1.8915774822235107
loss = 2.0230448246002197
loss = 2.1402995586395264
loss = 2.539184093475342
loss = 2.0266191959381104
Client 2 Train Acc=0.5700

 Client 4/5
logits shape: torch.Size([64, 100])
label range: 0 97
loss = 3.832442283630371
loss = 2.999105215072632
loss = 2.944204568862915
loss = 2.737189769744873
loss = 2.933546781539917
loss = 2.818800926208496
loss = 2.6576242446899414
loss = 2.4851980209350586
loss = 2.45904541015625
loss = 2.5982487201690674
Client 3 Train Acc=0.5160

 Client 5/5
logits shape: torch.Size([64, 100])
label range: 1 98
loss = 3.4074435234069824
loss = 3.6794464588165283
loss = 3.591697931289673
loss = 3.161417007446289
loss = 3.130467176437378
loss = 3.076932668685913
loss = 2.5611162185668945
loss = 2.6314451694488525
loss = 2.5625319480895996
loss = 1.9620389938354492
Client 4 Train Acc=0.5049
tensor(1235.5238, device='cuda:0')
0.32374932704540876
tensor(1041.6351, device='cuda:0')
0.38401162535193906
tensor(995.3972, device='cuda:0')
0.4018496513523822
tensor(1015.8560, device='cuda:0')
0.39375658842024175
tensor(1543.4016, device='cuda:0')
0.2591677999194212
Client 0 trust score: 0.8165
Client 1 trust score: 0.8394
Client 2 trust score: 0.8014
Client 3 trust score: 0.8067
Client 4 trust score: 0.8966
Round 23 Test Accuracy=0.2552

========== Round [24/150] ==========

 Client 1/5
logits shape: torch.Size([64, 100])
label range: 0 97
loss = 3.3531203269958496
loss = 3.036668300628662
loss = 3.204171895980835
loss = 3.1055727005004883
loss = 2.710080146789551
loss = 3.076749324798584
loss = 2.640465259552002
loss = 2.525219440460205
loss = 2.378100633621216
loss = 2.7053403854370117
Client 0 Train Acc=0.5243

 Client 2/5
logits shape: torch.Size([64, 100])
label range: 5 99
loss = 3.3943307399749756
loss = 2.7233991622924805
loss = 2.537921667098999
loss = 2.7222867012023926
loss = 2.457679271697998
loss = 2.3200743198394775
loss = 2.8858063220977783
loss = 2.8620357513427734
loss = 1.9918346405029297
loss = 1.8793846368789673
Client 1 Train Acc=0.5443

 Client 3/5
logits shape: torch.Size([64, 100])
label range: 2 99
loss = 3.271592855453491
loss = 2.6027779579162598
loss = 2.431772232055664
loss = 2.0997154712677
loss = 2.502896308898926
loss = 2.1892600059509277
loss = 2.383978843688965
loss = 2.502901792526245
loss = 2.304854154586792
loss = 1.7372925281524658
Client 2 Train Acc=0.5936

 Client 4/5
logits shape: torch.Size([64, 100])
label range: 0 97
loss = 3.2181053161621094
loss = 3.144763946533203
loss = 3.3756277561187744
loss = 2.9355452060699463
loss = 2.948535919189453
loss = 2.2594103813171387
loss = 2.550729751586914
loss = 2.7210195064544678
loss = 2.2996959686279297
loss = 2.9778547286987305
Client 3 Train Acc=0.5270

 Client 5/5
logits shape: torch.Size([64, 100])
label range: 1 98
loss = 3.5303304195404053
loss = 3.0772554874420166
loss = 3.2394776344299316
loss = 3.0202527046203613
loss = 2.7523276805877686
loss = 2.474886417388916
loss = 2.761726140975952
loss = 2.5623667240142822
loss = 2.775865316390991
loss = 3.2123284339904785
Client 4 Train Acc=0.5029
tensor(1325.0519, device='cuda:0')
0.301874972650411
tensor(1082.1678, device='cuda:0')
0.36962842799966894
tensor(969.5947, device='cuda:0')
0.4125434978572108
tensor(1040.1184, device='cuda:0')
0.3845715995845384
tensor(1562.3475, device='cuda:0')
0.2560249824377393
Client 0 trust score: 0.8427
Client 1 trust score: 0.8281
Client 2 trust score: 0.7711
Client 3 trust score: 0.7780
Client 4 trust score: 0.8693
Round 24 Test Accuracy=0.2633

========== Round [25/150] ==========

 Client 1/5
logits shape: torch.Size([64, 100])
label range: 0 93
loss = 3.2952497005462646
loss = 3.399388313293457
loss = 3.195927619934082
loss = 2.817795991897583
loss = 2.6493473052978516
loss = 2.5863983631134033
loss = 2.6156835556030273
loss = 2.756711959838867
loss = 2.393717050552368
loss = 2.513582944869995
Client 0 Train Acc=0.5351

 Client 2/5
logits shape: torch.Size([64, 100])
label range: 6 95
loss = 3.0361814498901367
loss = 2.5638720989227295
loss = 3.173171043395996
loss = 2.4271011352539062
loss = 2.557490825653076
loss = 2.363307476043701
loss = 2.410282850265503
loss = 2.025942325592041
loss = 2.181340456008911
loss = 1.9906227588653564
Client 1 Train Acc=0.5534

 Client 3/5
logits shape: torch.Size([64, 100])
label range: 2 99
loss = 2.978257894515991
loss = 2.5209262371063232
loss = 2.5547585487365723
loss = 2.5466957092285156
loss = 2.586759567260742
loss = 2.190660238265991
loss = 2.1873185634613037
loss = 1.8841924667358398
loss = 2.2436468601226807
loss = 1.91071617603302
Client 2 Train Acc=0.5762

 Client 4/5
logits shape: torch.Size([64, 100])
label range: 0 97
loss = 3.066188335418701
loss = 3.5015976428985596
loss = 2.7607011795043945
loss = 2.9087185859680176
loss = 2.9239628314971924
loss = 2.590303659439087
loss = 2.309195041656494
loss = 2.3263046741485596
loss = 2.3643648624420166
loss = 2.212897300720215
Client 3 Train Acc=0.5367

 Client 5/5
logits shape: torch.Size([64, 100])
label range: 1 98
loss = 3.778597593307495
loss = 3.784446954727173
loss = 3.115441083908081
loss = 2.9638209342956543
loss = 2.9662840366363525
loss = 2.968764543533325
loss = 2.815253973007202
loss = 2.3767385482788086
loss = 2.4354658126831055
loss = 2.026319980621338
Client 4 Train Acc=0.4992
tensor(1372.4668, device='cuda:0')
0.2914460305420638
tensor(1095.1223, device='cuda:0')
0.3652560035723033
tensor(929.1904, device='cuda:0')
0.4304822641517361
tensor(1060.1302, device='cuda:0')
0.37731212779605955
tensor(1558.7123, device='cuda:0')
0.25662208802886294
Client 0 trust score: 0.8464
Client 1 trust score: 0.8101
Client 2 trust score: 0.7569
Client 3 trust score: 0.7832
Client 4 trust score: 0.8718
Round 25 Test Accuracy=0.2655

========== Round [26/150] ==========

 Client 1/5
logits shape: torch.Size([64, 100])
label range: 0 93
loss = 3.2924892902374268
loss = 2.839966058731079
loss = 2.79972767829895
loss = 2.7883927822113037
loss = 3.183864116668701
loss = 2.6579411029815674
loss = 2.3583290576934814
loss = 2.899634838104248
loss = 2.4071013927459717
loss = 2.438666343688965
Client 0 Train Acc=0.5359

 Client 2/5
logits shape: torch.Size([64, 100])
label range: 5 95
loss = 3.0675203800201416
loss = 2.629148006439209
loss = 2.4720282554626465
loss = 2.6022274494171143
loss = 2.422333240509033
loss = 1.9401333332061768
loss = 2.413212537765503
loss = 2.0644631385803223
loss = 2.0966334342956543
loss = 2.0204579830169678
Client 1 Train Acc=0.5474

 Client 3/5
logits shape: torch.Size([64, 100])
label range: 2 99
loss = 3.015820026397705
loss = 2.788464307785034
loss = 2.3783464431762695
loss = 2.413581371307373
loss = 2.1574578285217285
loss = 2.569143056869507
loss = 2.355346202850342
loss = 1.8226369619369507
loss = 2.426100015640259
loss = 1.8506662845611572
Client 2 Train Acc=0.5859

 Client 4/5
logits shape: torch.Size([64, 100])
label range: 0 97
loss = 3.623553514480591
loss = 2.6581192016601562
loss = 3.4012391567230225
loss = 2.9920449256896973
loss = 2.9942681789398193
loss = 2.5610523223876953
loss = 2.5432770252227783
loss = 2.7314634323120117
loss = 2.624816656112671
loss = 2.0904197692871094
Client 3 Train Acc=0.5293

 Client 5/5
logits shape: torch.Size([64, 100])
label range: 1 98
loss = 3.252408981323242
loss = 3.1940503120422363
loss = 3.114370584487915
loss = 2.7399489879608154
loss = 2.9514458179473877
loss = 2.5271499156951904
loss = 2.4328982830047607
loss = 2.175434112548828
loss = 2.3879799842834473
loss = 2.63773250579834
Client 4 Train Acc=0.5085
tensor(1360.1742, device='cuda:0')
0.2940799800979074
tensor(1078.3652, device='cuda:0')
0.37093183946330766
tensor(963.7283, device='cuda:0')
0.4150547270455941
tensor(1040.2849, device='cuda:0')
0.3845100465688037
tensor(1654.9843, device='cuda:0')
0.24169414258287442
Client 0 trust score: 0.8302
Client 1 trust score: 0.8224
Client 2 trust score: 0.7562
Client 3 trust score: 0.7824
Client 4 trust score: 0.8923
Round 26 Test Accuracy=0.2697

========== Round [27/150] ==========

 Client 1/5
logits shape: torch.Size([64, 100])
label range: 1 93
loss = 3.312112331390381
loss = 3.2559702396392822
loss = 3.261599063873291
loss = 3.302701950073242
loss = 2.438854217529297
loss = 2.507169246673584
loss = 2.4918570518493652
loss = 2.666078567504883
loss = 2.226477861404419
loss = 2.1883809566497803
Client 0 Train Acc=0.5429

 Client 2/5
logits shape: torch.Size([64, 100])
label range: 1 99
loss = 2.804025888442993
loss = 2.7850871086120605
loss = 2.5785536766052246
loss = 2.469766616821289
loss = 2.399637222290039
loss = 2.447679042816162
loss = 1.918688178062439
loss = 1.6976101398468018
loss = 1.6788971424102783
loss = 1.9909347295761108
Client 1 Train Acc=0.5469

 Client 3/5
logits shape: torch.Size([64, 100])
label range: 2 99
loss = 2.756089687347412
loss = 2.4417128562927246
loss = 2.6325244903564453
loss = 2.6370511054992676
loss = 1.6819758415222168
loss = 2.0049667358398438
loss = 2.2153077125549316
loss = 1.790333867073059
loss = 2.030968427658081
loss = 1.793855905532837
Client 2 Train Acc=0.5894

 Client 4/5
logits shape: torch.Size([64, 100])
label range: 0 97
loss = 3.5839309692382812
loss = 2.5786001682281494
loss = 2.638897657394409
loss = 2.687312602996826
loss = 3.2634878158569336
loss = 3.173539876937866
loss = 2.4907712936401367
loss = 2.4358646869659424
loss = 2.484968423843384
loss = 2.6039109230041504
Client 3 Train Acc=0.5454

 Client 5/5
logits shape: torch.Size([64, 100])
label range: 1 98
loss = 3.722033739089966
loss = 3.089021682739258
loss = 3.327251434326172
loss = 3.0858333110809326
loss = 2.80488920211792
loss = 2.5624501705169678
loss = 2.9898648262023926
loss = 2.264615297317505
loss = 2.76542592048645
loss = 2.539823055267334
Client 4 Train Acc=0.5069
tensor(1400.3578, device='cuda:0')
0.2856412863934831
tensor(1014.8668, device='cuda:0')
0.39414040903253633
tensor(988.8315, device='cuda:0')
0.40451786508437854
tensor(1039.6399, device='cuda:0')
0.3847486065661348
tensor(1600.2233, device='cuda:0')
0.24996511946079286
Client 0 trust score: 0.8195
Client 1 trust score: 0.7771
Client 2 trust score: 0.7679
Client 3 trust score: 0.7837
Client 4 trust score: 0.8796
Round 27 Test Accuracy=0.2745

========== Round [28/150] ==========

 Client 1/5
logits shape: torch.Size([64, 100])
label range: 0 93
loss = 3.251192808151245
loss = 2.926414966583252
loss = 3.2637410163879395
loss = 2.6622793674468994
loss = 2.95861554145813
loss = 2.8800432682037354
loss = 2.693567991256714
loss = 2.555182695388794
loss = 2.4229979515075684
loss = 2.7920329570770264
Client 0 Train Acc=0.5459

 Client 2/5
logits shape: torch.Size([64, 100])
label range: 11 94
loss = 2.7341670989990234
loss = 2.4953837394714355
loss = 2.7534751892089844
loss = 2.3317582607269287
loss = 2.562440872192383
loss = 2.317504405975342
loss = 2.099297285079956
loss = 2.2483041286468506
loss = 2.2936670780181885
loss = 2.765091896057129
Client 1 Train Acc=0.5781

 Client 3/5
logits shape: torch.Size([64, 100])
label range: 1 99
loss = 2.9154295921325684
loss = 2.7026987075805664
loss = 2.415116310119629
loss = 1.8437061309814453
loss = 2.177446126937866
loss = 2.0676510334014893
loss = 1.953937292098999
loss = 1.6131082773208618
loss = 1.9754796028137207
loss = 1.7055293321609497
Client 2 Train Acc=0.6087

 Client 4/5
logits shape: torch.Size([64, 100])
label range: 0 97
loss = 3.0761239528656006
loss = 3.5817577838897705
loss = 2.7671074867248535
loss = 3.342392683029175
loss = 2.5464932918548584
loss = 2.553907632827759
loss = 2.348877429962158
loss = 2.2360877990722656
loss = 1.9577357769012451
loss = 2.22560715675354
Client 3 Train Acc=0.5618

 Client 5/5
logits shape: torch.Size([64, 100])
label range: 1 96
loss = 3.570884943008423
loss = 3.2425994873046875
loss = 3.0390818119049072
loss = 2.929090738296509
loss = 3.000051736831665
loss = 2.7415127754211426
loss = 2.364560604095459
loss = 2.294069290161133
loss = 2.6918485164642334
loss = 2.9501070976257324
Client 4 Train Acc=0.5110
tensor(1375.8145, device='cuda:0')
0.29073687886578525
tensor(1097.1876, device='cuda:0')
0.364568458442166
tensor(995.8208, device='cuda:0')
0.40167869528954214
tensor(1065.3494, device='cuda:0')
0.37546368642365535
tensor(1623.7367, device='cuda:0')
0.24634535968504948
Client 0 trust score: 0.8166
Client 1 trust score: 0.7955
Client 2 trust score: 0.7356
Client 3 trust score: 0.7317
Client 4 trust score: 0.8685
Round 28 Test Accuracy=0.2771

========== Round [29/150] ==========

 Client 1/5
logits shape: torch.Size([64, 100])
label range: 0 93
loss = 3.714179515838623
loss = 3.2872726917266846
loss = 3.165393829345703
loss = 2.4692118167877197
loss = 2.382925510406494
loss = 2.8207685947418213
loss = 2.449371099472046
loss = 2.4650216102600098
loss = 2.7750513553619385
loss = 2.669612169265747
Client 0 Train Acc=0.5379

 Client 2/5
logits shape: torch.Size([64, 100])
label range: 5 94
loss = 3.134899854660034
loss = 2.5850400924682617
loss = 2.212467670440674
loss = 2.235278844833374
loss = 2.1418979167938232
loss = 2.118022918701172
loss = 2.625506639480591
loss = 2.0024054050445557
loss = 2.537940502166748
loss = 1.9046839475631714
Client 1 Train Acc=0.5763

 Client 3/5
logits shape: torch.Size([64, 100])
label range: 2 99
loss = 3.0892744064331055
loss = 2.617953062057495
loss = 2.392934560775757
loss = 2.088949203491211
loss = 2.1566667556762695
loss = 2.002711057662964
loss = 2.2301015853881836
loss = 1.8581676483154297
loss = 1.7355042695999146
loss = 1.893013834953308
Client 2 Train Acc=0.6040

 Client 4/5
logits shape: torch.Size([64, 100])
label range: 0 97
loss = 3.2441844940185547
loss = 3.0822458267211914
loss = 2.980440378189087
loss = 3.02173113822937
loss = 2.510756731033325
loss = 2.4855148792266846
loss = 2.3968160152435303
loss = 2.429079532623291
loss = 2.712536334991455
loss = 2.4927449226379395
Client 3 Train Acc=0.5503

 Client 5/5
logits shape: torch.Size([64, 100])
label range: 4 98
loss = 3.1550354957580566
loss = 2.9895615577697754
loss = 2.9365501403808594
loss = 2.773475408554077
loss = 2.957747459411621
loss = 2.575713872909546
loss = 3.123457908630371
loss = 2.7768375873565674
loss = 2.25561785697937
loss = 2.3887252807617188
Client 4 Train Acc=0.5204
tensor(1360.9167, device='cuda:0')
0.29391952195023047
tensor(1089.9427, device='cuda:0')
0.36699175287728647
tensor(1020.0060, device='cuda:0')
0.3921545630871828
tensor(1035.6289, device='cuda:0')
0.3862387362751344
tensor(1639.4473, device='cuda:0')
0.24398466994759319
Client 0 trust score: 0.8094
Client 1 trust score: 0.7831
Client 2 trust score: 0.7281
Client 3 trust score: 0.7458
Client 4 trust score: 0.8540
Round 29 Test Accuracy=0.2828

========== Round [30/150] ==========

 Client 1/5
logits shape: torch.Size([64, 100])
label range: 0 93
loss = 3.2217628955841064
loss = 3.064896583557129
loss = 2.850565195083618
loss = 2.752458333969116
loss = 3.114636182785034
loss = 3.153472423553467
loss = 2.496577024459839
loss = 2.285444498062134
loss = 2.482902765274048
loss = 2.513725757598877
Client 0 Train Acc=0.5449

 Client 2/5
logits shape: torch.Size([64, 100])
label range: 11 94
loss = 2.8464746475219727
loss = 2.539600133895874
loss = 2.483410120010376
loss = 2.2779319286346436
loss = 2.169698715209961
loss = 2.187958240509033
loss = 2.5001273155212402
loss = 2.3814151287078857
loss = 2.043215036392212
loss = 1.7754216194152832
Client 1 Train Acc=0.5856

 Client 3/5
logits shape: torch.Size([64, 100])
label range: 2 99
loss = 2.8090407848358154
loss = 2.5887041091918945
loss = 2.404313087463379
loss = 2.3488330841064453
loss = 2.2960829734802246
loss = 1.8928800821304321
loss = 2.4786839485168457
loss = 1.8014020919799805
loss = 1.9403347969055176
loss = 2.009631633758545
Client 2 Train Acc=0.6112

 Client 4/5
logits shape: torch.Size([64, 100])
label range: 3 97
loss = 3.8554279804229736
loss = 3.503051280975342
loss = 2.5491344928741455
loss = 2.611037492752075
loss = 2.7005443572998047
loss = 2.589747428894043
loss = 2.1771585941314697
loss = 2.1575417518615723
loss = 2.2830989360809326
loss = 2.0267250537872314
Client 3 Train Acc=0.5701

 Client 5/5
logits shape: torch.Size([64, 100])
label range: 1 98
loss = 3.3120124340057373
loss = 3.2743732929229736
loss = 2.821023941040039
loss = 2.8248987197875977
loss = 2.9277148246765137
loss = 2.4149389266967773
loss = 2.25217866897583
loss = 2.335334062576294
loss = 2.1952552795410156
loss = 2.1621105670928955
Client 4 Train Acc=0.5224
tensor(1341.2242, device='cuda:0')
0.2982349909336306
tensor(1136.7408, device='cuda:0')
0.35188319471024
tensor(973.5374, device='cuda:0')
0.41087278115783127
tensor(1060.9152, device='cuda:0')
0.3770329755424477
tensor(1545.8140, device='cuda:0')
0.2587633499872228
Client 0 trust score: 0.7884
Client 1 trust score: 0.8075
Client 2 trust score: 0.7114
Client 3 trust score: 0.7588
Client 4 trust score: 0.8436
Round 30 Test Accuracy=0.2910

========== Round [31/150] ==========

 Client 1/5
logits shape: torch.Size([64, 100])
label range: 0 93
loss = 3.1569557189941406
loss = 3.25075101852417
loss = 2.900470018386841
loss = 2.7830896377563477
loss = 3.0012595653533936
loss = 2.3485496044158936
loss = 2.373844623565674
loss = 2.695913314819336
loss = 2.076838254928589
loss = 2.1975812911987305
Client 0 Train Acc=0.5474

 Client 2/5
logits shape: torch.Size([64, 100])
label range: 9 95
loss = 2.632077693939209
loss = 2.6516361236572266
loss = 2.418041467666626
loss = 1.9842920303344727
loss = 2.7406253814697266
loss = 2.2985754013061523
loss = 2.406280040740967
loss = 1.881760597229004
loss = 2.296383857727051
loss = 2.0898854732513428
Client 1 Train Acc=0.5898

 Client 3/5
logits shape: torch.Size([64, 100])
label range: 2 99
loss = 2.3637266159057617
loss = 2.509197473526001
loss = 2.646214723587036
loss = 2.3790206909179688
loss = 1.9843353033065796
loss = 2.082364797592163
loss = 1.9492751359939575
loss = 2.0087082386016846
loss = 2.0343551635742188
loss = 2.2643282413482666
Client 2 Train Acc=0.6170

 Client 4/5
logits shape: torch.Size([64, 100])
label range: 0 97
loss = 3.328648567199707
loss = 2.8127710819244385
loss = 2.4767630100250244
loss = 2.7178778648376465
loss = 2.538648843765259
loss = 2.6655752658843994
loss = 2.5857930183410645
loss = 2.22171950340271
loss = 2.096687078475952
loss = 2.1554107666015625
Client 3 Train Acc=0.5710

 Client 5/5
logits shape: torch.Size([64, 100])
label range: 1 96
loss = 3.0881593227386475
loss = 3.234099864959717
loss = 2.9600987434387207
loss = 2.286714792251587
loss = 2.3585927486419678
loss = 2.52101469039917
loss = 2.722778558731079
loss = 2.09818434715271
loss = 2.3157849311828613
loss = 2.3973941802978516
Client 4 Train Acc=0.5181
tensor(1289.7888, device='cuda:0')
0.3101282894581176
tensor(1131.9926, device='cuda:0')
0.3533592148541134
tensor(972.8587, device='cuda:0')
0.41115939911352495
tensor(1000.8317, device='cuda:0')
0.39966761042116666
tensor(1567.6445, device='cuda:0')
0.2551598860750976
Client 0 trust score: 0.7749
Client 1 trust score: 0.7924
Client 2 trust score: 0.7031
Client 3 trust score: 0.6881
Client 4 trust score: 0.8481
Round 31 Test Accuracy=0.2952

========== Round [32/150] ==========

 Client 1/5
logits shape: torch.Size([64, 100])
label range: 0 97
loss = 3.0686933994293213
loss = 3.34043025970459
loss = 2.919189691543579
loss = 2.754082679748535
loss = 2.484635829925537
loss = 2.748321056365967
loss = 2.7619099617004395
loss = 2.924351215362549
loss = 1.9090403318405151
loss = 2.566239356994629
Client 0 Train Acc=0.5398

 Client 2/5
logits shape: torch.Size([64, 100])
label range: 9 94
loss = 2.5624897480010986
loss = 2.645711660385132
loss = 3.118863821029663
loss = 2.3389618396759033
loss = 2.0560262203216553
loss = 2.104809045791626
loss = 1.7878353595733643
loss = 2.4135587215423584
loss = 2.495699882507324
loss = 1.9805970191955566
Client 1 Train Acc=0.5977

 Client 3/5
logits shape: torch.Size([64, 100])
label range: 2 99
loss = 2.6913857460021973
loss = 2.538468837738037
loss = 2.2305848598480225
loss = 2.08571195602417
loss = 1.6400001049041748
loss = 2.064474582672119
loss = 2.0457639694213867
loss = 2.10048246383667
loss = 1.7993324995040894
loss = 1.6684297323226929
Client 2 Train Acc=0.6180

 Client 4/5
logits shape: torch.Size([64, 100])
label range: 3 97
loss = 3.4728846549987793
loss = 3.867866039276123
loss = 2.6352221965789795
loss = 2.67659330368042
loss = 3.0373189449310303
loss = 2.503852128982544
loss = 2.095266342163086
loss = 2.526296615600586
loss = 2.6972007751464844
loss = 2.1396796703338623
Client 3 Train Acc=0.5783

 Client 5/5
logits shape: torch.Size([64, 100])
label range: 5 98
loss = 3.1988625526428223
loss = 2.6610753536224365
loss = 2.866063356399536
loss = 2.8825113773345947
loss = 2.638404369354248
loss = 2.639195680618286
loss = 2.62380051612854
loss = 2.7251474857330322
loss = 2.6789562702178955
loss = 2.2095682621002197
Client 4 Train Acc=0.5317
tensor(1318.6958, device='cuda:0')
0.303330002084653
tensor(1016.8853, device='cuda:0')
0.3933580258488126
tensor(922.1078, device='cuda:0')
0.4337887378154944
tensor(1043.8088, device='cuda:0')
0.38321193065229964
tensor(1721.7144, device='cuda:0')
0.23232657538659873
Client 0 trust score: 0.7799
Client 1 trust score: 0.7367
Client 2 trust score: 0.6766
Client 3 trust score: 0.7158
Client 4 trust score: 0.8572
Round 32 Test Accuracy=0.2981

========== Round [33/150] ==========

 Client 1/5
logits shape: torch.Size([64, 100])
label range: 0 98
loss = 3.1695780754089355
loss = 3.314053535461426
loss = 3.5262303352355957
loss = 2.6782076358795166
loss = 2.574533462524414
loss = 2.8719563484191895
loss = 2.6103947162628174
loss = 2.4452712535858154
loss = 2.4238059520721436
loss = 2.2197206020355225
Client 0 Train Acc=0.5625

 Client 2/5
logits shape: torch.Size([64, 100])
label range: 5 88
loss = 3.0794239044189453
loss = 2.8805737495422363
loss = 2.1555910110473633
loss = 2.310490131378174
loss = 2.554375410079956
loss = 2.711463689804077
loss = 2.245663642883301
loss = 2.087780475616455
loss = 1.9088823795318604
loss = 1.9279791116714478
Client 1 Train Acc=0.5986

 Client 3/5
logits shape: torch.Size([64, 100])
label range: 2 96
loss = 2.643327236175537
loss = 2.2248899936676025
loss = 2.7855703830718994
loss = 1.9591856002807617
loss = 2.4838571548461914
loss = 1.9163568019866943
loss = 2.009819746017456
loss = 1.6756131649017334
loss = 1.6134331226348877
loss = 1.5733562707901
Client 2 Train Acc=0.6268

 Client 4/5
logits shape: torch.Size([64, 100])
label range: 0 97
loss = 3.026655435562134
loss = 2.5712649822235107
loss = 2.8735244274139404
loss = 2.597500801086426
loss = 2.9538838863372803
loss = 2.5311572551727295
loss = 2.090629816055298
loss = 2.0792336463928223
loss = 2.1251721382141113
loss = 2.6883740425109863
Client 3 Train Acc=0.5794

 Client 5/5
logits shape: torch.Size([64, 100])
label range: 1 98
loss = 2.9034972190856934
loss = 3.083183526992798
loss = 2.92181396484375
loss = 2.303072452545166
loss = 2.291256904602051
loss = 2.474815845489502
loss = 2.942242383956909
loss = 2.6482579708099365
loss = 2.645592212677002
loss = 2.8062968254089355
Client 4 Train Acc=0.5293
tensor(1320.9431, device='cuda:0')
0.3028139481456987
tensor(1028.6204, device='cuda:0')
0.38887038895820725
tensor(926.7357, device='cuda:0')
0.43162254208263756
tensor(996.6619, device='cuda:0')
0.40133970151461973
tensor(1640.3069, device='cuda:0')
0.24385680735416393
Client 0 trust score: 0.7712
Client 1 trust score: 0.7583
Client 2 trust score: 0.6999
Client 3 trust score: 0.7125
Client 4 trust score: 0.8437
Round 33 Test Accuracy=0.3007

========== Round [34/150] ==========

 Client 1/5
logits shape: torch.Size([64, 100])
label range: 0 93
loss = 3.39684796333313
loss = 2.7464792728424072
loss = 2.7717971801757812
loss = 2.83920955657959
loss = 2.759326219558716
loss = 2.660822629928589
loss = 2.6386008262634277
loss = 2.5164737701416016
loss = 2.418170690536499
loss = 2.13334059715271
Client 0 Train Acc=0.5596

 Client 2/5
logits shape: torch.Size([64, 100])
label range: 9 94
loss = 2.6079375743865967
loss = 2.348936080932617
loss = 2.2805988788604736
loss = 2.7011685371398926
loss = 2.539051055908203
loss = 2.5574214458465576
loss = 1.799973487854004
loss = 2.1192524433135986
loss = 2.0136666297912598
loss = 1.9636964797973633
Client 1 Train Acc=0.6035

 Client 3/5
logits shape: torch.Size([64, 100])
label range: 2 99
loss = 2.843796968460083
loss = 2.654231309890747
loss = 2.7265994548797607
loss = 2.0631399154663086
loss = 2.239398956298828
loss = 1.864646553993225
loss = 1.5289013385772705
loss = 1.8592150211334229
loss = 1.5530917644500732
loss = 1.6879630088806152
Client 2 Train Acc=0.6184

 Client 4/5
logits shape: torch.Size([64, 100])
label range: 0 97
loss = 2.5008339881896973
loss = 3.4993081092834473
loss = 2.55856990814209
loss = 2.5275418758392334
loss = 2.332263946533203
loss = 2.4799182415008545
loss = 2.3928301334381104
loss = 2.17964768409729
loss = 2.116504669189453
loss = 2.3218159675598145
Client 3 Train Acc=0.5870

 Client 5/5
logits shape: torch.Size([64, 100])
label range: 1 98
loss = 3.1537997722625732
loss = 3.0098557472229004
loss = 2.672430992126465
loss = 2.857219934463501
loss = 2.999014377593994
loss = 2.1443755626678467
loss = 2.501025676727295
loss = 2.2560245990753174
loss = 2.4661762714385986
loss = 2.167492628097534
Client 4 Train Acc=0.5307
tensor(1271.4194, device='cuda:0')
0.31460900268715697
tensor(1010.5841, device='cuda:0')
0.39581069744603736
tensor(962.3961, device='cuda:0')
0.4156293004704428
tensor(966.0240, device='cuda:0')
0.4140683931857894
tensor(1766.2848, device='cuda:0')
0.22646404603368267
Client 0 trust score: 0.7318
Client 1 trust score: 0.7181
Client 2 trust score: 0.7021
Client 3 trust score: 0.6749
Client 4 trust score: 0.8397
Round 34 Test Accuracy=0.3052

========== Round [35/150] ==========

 Client 1/5
logits shape: torch.Size([64, 100])
label range: 0 93
loss = 3.1546027660369873
loss = 2.1373043060302734
loss = 2.9213593006134033
loss = 2.365604877471924
loss = 2.6573750972747803
loss = 2.6711907386779785
loss = 2.604348659515381
loss = 2.2643842697143555
loss = 2.035647392272949
loss = 2.3715920448303223
Client 0 Train Acc=0.5570

 Client 2/5
logits shape: torch.Size([64, 100])
label range: 7 99
loss = 2.9264633655548096
loss = 3.0355122089385986
loss = 1.9996366500854492
loss = 2.1300292015075684
loss = 2.540010452270508
loss = 2.350062370300293
loss = 1.8385246992111206
loss = 1.6239629983901978
loss = 1.7938876152038574
loss = 1.6595009565353394
Client 1 Train Acc=0.6152

 Client 3/5
logits shape: torch.Size([64, 100])
label range: 2 99
loss = 2.778313636779785
loss = 2.7956809997558594
loss = 2.375609874725342
loss = 1.7960549592971802
loss = 2.59729266166687
loss = 2.284533977508545
loss = 1.7501401901245117
loss = 1.7252676486968994
loss = 1.9488123655319214
loss = 1.7093631029129028
Client 2 Train Acc=0.6254

 Client 4/5
logits shape: torch.Size([64, 100])
label range: 0 97
loss = 2.616729259490967
loss = 2.669583559036255
loss = 2.9511001110076904
loss = 2.5090596675872803
loss = 1.9430031776428223
loss = 2.451901912689209
loss = 2.801044225692749
loss = 2.386441230773926
loss = 1.7761677503585815
loss = 1.9811075925827026
Client 3 Train Acc=0.5738

 Client 5/5
logits shape: torch.Size([64, 100])
label range: 1 98
loss = 3.2097668647766113
loss = 2.7446846961975098
loss = 2.687511444091797
loss = 2.7038848400115967
loss = 2.4727542400360107
loss = 2.488637924194336
loss = 2.690674304962158
loss = 2.626581907272339
loss = 2.032593250274658
loss = 2.306093692779541
Client 4 Train Acc=0.5421
tensor(1376.1631, device='cuda:0')
0.29066322450256904
tensor(1055.9032, device='cuda:0')
0.37882260482390695
tensor(1016.1621, device='cuda:0')
0.3936379799144679
tensor(991.0087, device='cuda:0')
0.40362916422723166
tensor(1683.4319, device='cuda:0')
0.23760985141117819
Client 0 trust score: 0.7627
Client 1 trust score: 0.7415
Client 2 trust score: 0.6872
Client 3 trust score: 0.6506
Client 4 trust score: 0.8398
Round 35 Test Accuracy=0.3099

========== Round [36/150] ==========

 Client 1/5
logits shape: torch.Size([64, 100])
label range: 0 93
loss = 3.1198501586914062
loss = 2.866802930831909
loss = 2.4009156227111816
loss = 2.8429572582244873
loss = 2.9671387672424316
loss = 2.333686351776123
loss = 2.2296979427337646
loss = 2.2805633544921875
loss = 2.626812696456909
loss = 2.4324533939361572
Client 0 Train Acc=0.5529

 Client 2/5
logits shape: torch.Size([64, 100])
label range: 9 94
loss = 2.2362728118896484
loss = 2.424773931503296
loss = 2.66929030418396
loss = 2.518019676208496
loss = 2.363353967666626
loss = 2.1635165214538574
loss = 2.039494752883911
loss = 1.4528547525405884
loss = 2.324328899383545
loss = 2.1813151836395264
Client 1 Train Acc=0.6075

 Client 3/5
logits shape: torch.Size([64, 100])
label range: 2 99
loss = 2.666163682937622
loss = 2.695737838745117
loss = 2.1946616172790527
loss = 1.9938772916793823
loss = 2.136849880218506
loss = 1.9940147399902344
loss = 1.729004979133606
loss = 2.3129377365112305
loss = 1.8227906227111816
loss = 2.0390138626098633
Client 2 Train Acc=0.6244

 Client 4/5
logits shape: torch.Size([64, 100])
label range: 0 97
loss = 3.116304636001587
loss = 2.882986068725586
loss = 2.7387096881866455
loss = 2.573359489440918
loss = 2.4366872310638428
loss = 2.572166919708252
loss = 2.304281234741211
loss = 2.094106674194336
loss = 2.289259433746338
loss = 2.041933059692383
Client 3 Train Acc=0.5926

 Client 5/5
logits shape: torch.Size([64, 100])
label range: 1 98
loss = 3.242281198501587
loss = 2.9774835109710693
loss = 2.857616662979126
loss = 2.749349594116211
loss = 2.946643352508545
loss = 2.5531387329101562
loss = 2.297297716140747
loss = 2.519226551055908
loss = 2.27227520942688
loss = 2.453077793121338
Client 4 Train Acc=0.5454
tensor(1468.9198, device='cuda:0')
0.27230894433663777
tensor(1029.5912, device='cuda:0')
0.3885037141301268
tensor(986.1398, device='cuda:0')
0.40562198909878483
tensor(1027.3052, device='cuda:0')
0.389368231982094
tensor(1600.3799, device='cuda:0')
0.24994065740006782
Client 0 trust score: 0.7713
Client 1 trust score: 0.7474
Client 2 trust score: 0.6752
Client 3 trust score: 0.7055
Client 4 trust score: 0.8366
Round 36 Test Accuracy=0.3109

========== Round [37/150] ==========

 Client 1/5
logits shape: torch.Size([64, 100])
label range: 0 98
loss = 3.1618781089782715
loss = 2.9626266956329346
loss = 2.8763277530670166
loss = 2.794985055923462
loss = 2.3480396270751953
loss = 2.3561184406280518
loss = 2.6868503093719482
loss = 2.0256612300872803
loss = 2.770944118499756
loss = 2.138002872467041
Client 0 Train Acc=0.5648

 Client 2/5
logits shape: torch.Size([64, 100])
label range: 11 95
loss = 2.6765761375427246
loss = 2.9488649368286133
loss = 3.0964319705963135
loss = 2.620126485824585
loss = 1.8951455354690552
loss = 2.009917974472046
loss = 1.9612981081008911
loss = 1.5916861295700073
loss = 1.842598557472229
loss = 1.6898726224899292
Client 1 Train Acc=0.6073

 Client 3/5
logits shape: torch.Size([64, 100])
label range: 2 96
loss = 2.590108871459961
loss = 2.3243415355682373
loss = 2.06400465965271
loss = 2.5536417961120605
loss = 1.7544288635253906
loss = 2.089963912963867
loss = 1.7116767168045044
loss = 1.9030672311782837
loss = 1.5191357135772705
loss = 1.6866481304168701
Client 2 Train Acc=0.6181

 Client 4/5
